# JRE version: OpenJDK Runtime Environment Temurin-21.0.10+7 (21.0.10+7) (build 21.0.10+7-LTS)
# Java VM: OpenJDK 64-Bit Server VM Temurin-21.0.10+7 (21.0.10+7-LTS, mixed mode, sharing, tiered, compressed oops, compressed class ptrs, parallel gc, windows-amd64)
GC Precious Log:
 CardTable entry size: 512
 CPUs: 8 total, 8 available
 Memory: 8011M
 Large Page Support: Disabled
 NUMA Support: Disabled
 Compressed Oops: Enabled (32-bit)
 Alignments: Space 512K, Generation 512K, Heap 2M
 Heap Min Capacity: 100M
 Heap Initial Capacity: 100M
 Heap Max Capacity: 2G
 Pre-touch: Disabled
 Parallel Workers: 8
Heap:
 PSYoungGen      total 15360K, used 13165K [0x00000000d5580000, 0x00000000d6780000, 0x0000000100000000)
  eden space 13824K, 84% used [0x00000000d5580000,0x00000000d60f8a58,0x00000000d6300000)
  from space 1536K, 92% used [0x00000000d6600000,0x00000000d6762b80,0x00000000d6780000)
  to   space 2048K, 0% used [0x00000000d6380000,0x00000000d6380000,0x00000000d6580000)
 ParOldGen       total 91648K, used 91430K [0x0000000080000000, 0x0000000085980000, 0x00000000d5580000)
  object space 91648K, 99% used [0x0000000080000000,0x0000000085949960,0x0000000085980000)
 Metaspace       used 86197K, committed 88000K, reserved 1179648K
  class space    used 10320K, committed 11136K, reserved 1048576K
GC Heap History (20 events):
Event: 151.348 GC heap before
{Heap before GC invocations=170 (full 3):
 PSYoungGen      total 16384K, used 16032K [0x00000000d5580000, 0x00000000d6780000, 0x0000000100000000)
  eden space 15872K, 100% used [0x00000000d5580000,0x00000000d6500000,0x00000000d6500000)
  from space 512K, 31% used [0x00000000d6700000,0x00000000d6728000,0x00000000d6780000)
  to   space 512K, 0% used [0x00000000d6680000,0x00000000d6680000,0x00000000d6700000)
 ParOldGen       total 86016K, used 85990K [0x0000000080000000, 0x0000000085400000, 0x00000000d5580000)
  object space 86016K, 99% used [0x0000000080000000,0x00000000853f9b68,0x0000000085400000)
 Metaspace       used 85148K, committed 86912K, reserved 1179648K
  class space    used 10245K, committed 11008K, reserved 1048576K
}
Event: 151.349 GC heap after
{Heap after GC invocations=170 (full 3):
 PSYoungGen      total 16384K, used 224K [0x00000000d5580000, 0x00000000d6780000, 0x0000000100000000)
  eden space 15872K, 0% used [0x00000000d5580000,0x00000000d5580000,0x00000000d6500000)
  from space 512K, 43% used [0x00000000d6680000,0x00000000d66b8000,0x00000000d6700000)
  to   space 512K, 0% used [0x00000000d6700000,0x00000000d6700000,0x00000000d6780000)
 ParOldGen       total 86016K, used 85990K [0x0000000080000000, 0x0000000085400000, 0x00000000d5580000)
  object space 86016K, 99% used [0x0000000080000000,0x00000000853f9b68,0x0000000085400000)
 Metaspace       used 85148K, committed 86912K, reserved 1179648K
  class space    used 10245K, committed 11008K, reserved 1048576K
}
Event: 151.440 GC heap before
{Heap before GC invocations=171 (full 3):
 PSYoungGen      total 16384K, used 16096K [0x00000000d5580000, 0x00000000d6780000, 0x0000000100000000)
  eden space 15872K, 100% used [0x00000000d5580000,0x00000000d6500000,0x00000000d6500000)
  from space 512K, 43% used [0x00000000d6680000,0x00000000d66b8000,0x00000000d6700000)
  to   space 512K, 0% used [0x00000000d6700000,0x00000000d6700000,0x00000000d6780000)
 ParOldGen       total 86016K, used 85990K [0x0000000080000000, 0x0000000085400000, 0x00000000d5580000)
  object space 86016K, 99% used [0x0000000080000000,0x00000000853f9b68,0x0000000085400000)
 Metaspace       used 85148K, committed 86912K, reserved 1179648K
  class space    used 10245K, committed 11008K, reserved 1048576K
}
Event: 151.442 GC heap after
{Heap after GC invocations=171 (full 3):
 PSYoungGen      total 16384K, used 160K [0x00000000d5580000, 0x00000000d6780000, 0x0000000100000000)
  eden space 15872K, 0% used [0x00000000d5580000,0x00000000d5580000,0x00000000d6500000)
  from space 512K, 31% used [0x00000000d6700000,0x00000000d6728000,0x00000000d6780000)
  to   space 512K, 0% used [0x00000000d6680000,0x00000000d6680000,0x00000000d6700000)
 ParOldGen       total 86528K, used 86022K [0x0000000080000000, 0x0000000085480000, 0x00000000d5580000)
  object space 86528K, 99% used [0x0000000080000000,0x0000000085401b68,0x0000000085480000)
 Metaspace       used 85148K, committed 86912K, reserved 1179648K
  class space    used 10245K, committed 11008K, reserved 1048576K
}
Event: 151.573 GC heap before
{Heap before GC invocations=172 (full 3):
 PSYoungGen      total 16384K, used 16032K [0x00000000d5580000, 0x00000000d6780000, 0x0000000100000000)
  eden space 15872K, 100% used [0x00000000d5580000,0x00000000d6500000,0x00000000d6500000)
  from space 512K, 31% used [0x00000000d6700000,0x00000000d6728000,0x00000000d6780000)
  to   space 512K, 0% used [0x00000000d6680000,0x00000000d6680000,0x00000000d6700000)
 ParOldGen       total 86528K, used 86022K [0x0000000080000000, 0x0000000085480000, 0x00000000d5580000)
  object space 86528K, 99% used [0x0000000080000000,0x0000000085401b68,0x0000000085480000)
 Metaspace       used 85148K, committed 86912K, reserved 1179648K
  class space    used 10245K, committed 11008K, reserved 1048576K
}
Event: 151.575 GC heap after
{Heap after GC invocations=172 (full 3):
 PSYoungGen      total 16384K, used 96K [0x00000000d5580000, 0x00000000d6780000, 0x0000000100000000)
  eden space 15872K, 0% used [0x00000000d5580000,0x00000000d5580000,0x00000000d6500000)
  from space 512K, 18% used [0x00000000d6680000,0x00000000d6698000,0x00000000d6700000)
  to   space 512K, 0% used [0x00000000d6700000,0x00000000d6700000,0x00000000d6780000)
 ParOldGen       total 86528K, used 86046K [0x0000000080000000, 0x0000000085480000, 0x00000000d5580000)
  object space 86528K, 99% used [0x0000000080000000,0x0000000085407b68,0x0000000085480000)
 Metaspace       used 85148K, committed 86912K, reserved 1179648K
  class space    used 10245K, committed 11008K, reserved 1048576K
}
Event: 151.679 GC heap before
{Heap before GC invocations=173 (full 3):
 PSYoungGen      total 16384K, used 15968K [0x00000000d5580000, 0x00000000d6780000, 0x0000000100000000)
  eden space 15872K, 100% used [0x00000000d5580000,0x00000000d6500000,0x00000000d6500000)
  from space 512K, 18% used [0x00000000d6680000,0x00000000d6698000,0x00000000d6700000)
  to   space 512K, 0% used [0x00000000d6700000,0x00000000d6700000,0x00000000d6780000)
 ParOldGen       total 86528K, used 86046K [0x0000000080000000, 0x0000000085480000, 0x00000000d5580000)
  object space 86528K, 99% used [0x0000000080000000,0x0000000085407b68,0x0000000085480000)
 Metaspace       used 85148K, committed 86912K, reserved 1179648K
  class space    used 10245K, committed 11008K, reserved 1048576K
}
Event: 151.680 GC heap after
{Heap after GC invocations=173 (full 3):
 PSYoungGen      total 16384K, used 128K [0x00000000d5580000, 0x00000000d6780000, 0x0000000100000000)
  eden space 15872K, 0% used [0x00000000d5580000,0x00000000d5580000,0x00000000d6500000)
  from space 512K, 25% used [0x00000000d6700000,0x00000000d6720000,0x00000000d6780000)
  to   space 512K, 0% used [0x00000000d6680000,0x00000000d6680000,0x00000000d6700000)
 ParOldGen       total 86528K, used 86054K [0x0000000080000000, 0x0000000085480000, 0x00000000d5580000)
  object space 86528K, 99% used [0x0000000080000000,0x0000000085409b68,0x0000000085480000)
 Metaspace       used 85148K, committed 86912K, reserved 1179648K
  class space    used 10245K, committed 11008K, reserved 1048576K
}
Event: 151.751 GC heap before
{Heap before GC invocations=174 (full 3):
 PSYoungGen      total 16384K, used 16000K [0x00000000d5580000, 0x00000000d6780000, 0x0000000100000000)
  eden space 15872K, 100% used [0x00000000d5580000,0x00000000d6500000,0x00000000d6500000)
  from space 512K, 25% used [0x00000000d6700000,0x00000000d6720000,0x00000000d6780000)
  to   space 512K, 0% used [0x00000000d6680000,0x00000000d6680000,0x00000000d6700000)
 ParOldGen       total 86528K, used 86054K [0x0000000080000000, 0x0000000085480000, 0x00000000d5580000)
  object space 86528K, 99% used [0x0000000080000000,0x0000000085409b68,0x0000000085480000)
 Metaspace       used 85148K, committed 86912K, reserved 1179648K
  class space    used 10245K, committed 11008K, reserved 1048576K
}
Event: 151.752 GC heap after
{Heap after GC invocations=174 (full 3):
 PSYoungGen      total 16384K, used 224K [0x00000000d5580000, 0x00000000d6780000, 0x0000000100000000)
  eden space 15872K, 0% used [0x00000000d5580000,0x00000000d5580000,0x00000000d6500000)
  from space 512K, 43% used [0x00000000d6680000,0x00000000d66b8000,0x00000000d6700000)
  to   space 512K, 0% used [0x00000000d6700000,0x00000000d6700000,0x00000000d6780000)
 ParOldGen       total 86528K, used 86054K [0x0000000080000000, 0x0000000085480000, 0x00000000d5580000)
  object space 86528K, 99% used [0x0000000080000000,0x0000000085409b68,0x0000000085480000)
 Metaspace       used 85148K, committed 86912K, reserved 1179648K
  class space    used 10245K, committed 11008K, reserved 1048576K
}
Event: 151.855 GC heap before
{Heap before GC invocations=175 (full 3):
 PSYoungGen      total 16384K, used 16096K [0x00000000d5580000, 0x00000000d6780000, 0x0000000100000000)
  eden space 15872K, 100% used [0x00000000d5580000,0x00000000d6500000,0x00000000d6500000)
  from space 512K, 43% used [0x00000000d6680000,0x00000000d66b8000,0x00000000d6700000)
  to   space 512K, 0% used [0x00000000d6700000,0x00000000d6700000,0x00000000d6780000)
 ParOldGen       total 86528K, used 86054K [0x0000000080000000, 0x0000000085480000, 0x00000000d5580000)
  object space 86528K, 99% used [0x0000000080000000,0x0000000085409b68,0x0000000085480000)
 Metaspace       used 85148K, committed 86912K, reserved 1179648K
  class space    used 10245K, committed 11008K, reserved 1048576K
}
Event: 151.856 GC heap after
{Heap after GC invocations=175 (full 3):
 PSYoungGen      total 16384K, used 160K [0x00000000d5580000, 0x00000000d6780000, 0x0000000100000000)
  eden space 15872K, 0% used [0x00000000d5580000,0x00000000d5580000,0x00000000d6500000)
  from space 512K, 31% used [0x00000000d6700000,0x00000000d6728000,0x00000000d6780000)
  to   space 512K, 0% used [0x00000000d6680000,0x00000000d6680000,0x00000000d6700000)
 ParOldGen       total 86528K, used 86054K [0x0000000080000000, 0x0000000085480000, 0x00000000d5580000)
  object space 86528K, 99% used [0x0000000080000000,0x0000000085409b68,0x0000000085480000)
 Metaspace       used 85148K, committed 86912K, reserved 1179648K
  class space    used 10245K, committed 11008K, reserved 1048576K
}
Event: 152.351 GC heap before
{Heap before GC invocations=176 (full 3):
 PSYoungGen      total 16384K, used 16032K [0x00000000d5580000, 0x00000000d6780000, 0x0000000100000000)
  eden space 15872K, 100% used [0x00000000d5580000,0x00000000d6500000,0x00000000d6500000)
  from space 512K, 31% used [0x00000000d6700000,0x00000000d6728000,0x00000000d6780000)
  to   space 512K, 0% used [0x00000000d6680000,0x00000000d6680000,0x00000000d6700000)
 ParOldGen       total 86528K, used 86054K [0x0000000080000000, 0x0000000085480000, 0x00000000d5580000)
  object space 86528K, 99% used [0x0000000080000000,0x0000000085409b68,0x0000000085480000)
 Metaspace       used 85363K, committed 87040K, reserved 1179648K
  class space    used 10259K, committed 11008K, reserved 1048576K
}
Event: 152.355 GC heap after
{Heap after GC invocations=176 (full 3):
 PSYoungGen      total 16384K, used 505K [0x00000000d5580000, 0x00000000d6a00000, 0x0000000100000000)
  eden space 15872K, 0% used [0x00000000d5580000,0x00000000d5580000,0x00000000d6500000)
  from space 512K, 98% used [0x00000000d6680000,0x00000000d66fe6e0,0x00000000d6700000)
  to   space 2560K, 0% used [0x00000000d6780000,0x00000000d6780000,0x00000000d6a00000)
 ParOldGen       total 88064K, used 87646K [0x0000000080000000, 0x0000000085600000, 0x00000000d5580000)
  object space 88064K, 99% used [0x0000000080000000,0x00000000855979d8,0x0000000085600000)
 Metaspace       used 85363K, committed 87040K, reserved 1179648K
  class space    used 10259K, committed 11008K, reserved 1048576K
}
Event: 152.479 GC heap before
{Heap before GC invocations=177 (full 3):
 PSYoungGen      total 16384K, used 16377K [0x00000000d5580000, 0x00000000d6a00000, 0x0000000100000000)
  eden space 15872K, 100% used [0x00000000d5580000,0x00000000d6500000,0x00000000d6500000)
  from space 512K, 98% used [0x00000000d6680000,0x00000000d66fe6e0,0x00000000d6700000)
  to   space 2560K, 0% used [0x00000000d6780000,0x00000000d6780000,0x00000000d6a00000)
 ParOldGen       total 88064K, used 87646K [0x0000000080000000, 0x0000000085600000, 0x00000000d5580000)
  object space 88064K, 99% used [0x0000000080000000,0x00000000855979d8,0x0000000085600000)
 Metaspace       used 85469K, committed 87232K, reserved 1179648K
  class space    used 10270K, committed 11072K, reserved 1048576K
}
Event: 152.485 GC heap after
{Heap after GC invocations=177 (full 3):
 PSYoungGen      total 16384K, used 2554K [0x00000000d5580000, 0x00000000d6e00000, 0x0000000100000000)
  eden space 13824K, 0% used [0x00000000d5580000,0x00000000d5580000,0x00000000d6300000)
  from space 2560K, 99% used [0x00000000d6780000,0x00000000d69feb50,0x00000000d6a00000)
  to   space 4608K, 0% used [0x00000000d6300000,0x00000000d6300000,0x00000000d6780000)
 ParOldGen       total 89088K, used 88930K [0x0000000080000000, 0x0000000085700000, 0x00000000d5580000)
  object space 89088K, 99% used [0x0000000080000000,0x00000000856d8a80,0x0000000085700000)
 Metaspace       used 85469K, committed 87232K, reserved 1179648K
  class space    used 10270K, committed 11072K, reserved 1048576K
}
Event: 152.613 GC heap before
{Heap before GC invocations=178 (full 3):
 PSYoungGen      total 16384K, used 16157K [0x00000000d5580000, 0x00000000d6e00000, 0x0000000100000000)
  eden space 13824K, 98% used [0x00000000d5580000,0x00000000d62c88e8,0x00000000d6300000)
  from space 2560K, 99% used [0x00000000d6780000,0x00000000d69feb50,0x00000000d6a00000)
  to   space 4608K, 0% used [0x00000000d6300000,0x00000000d6300000,0x00000000d6780000)
 ParOldGen       total 89088K, used 88930K [0x0000000080000000, 0x0000000085700000, 0x00000000d5580000)
  object space 89088K, 99% used [0x0000000080000000,0x00000000856d8a80,0x0000000085700000)
 Metaspace       used 85494K, committed 87232K, reserved 1179648K
  class space    used 10272K, committed 11072K, reserved 1048576K
}
Event: 152.618 GC heap after
{Heap after GC invocations=178 (full 3):
 PSYoungGen      total 14336K, used 352K [0x00000000d5580000, 0x00000000d6800000, 0x0000000100000000)
  eden space 13824K, 0% used [0x00000000d5580000,0x00000000d5580000,0x00000000d6300000)
  from space 512K, 68% used [0x00000000d6300000,0x00000000d6358020,0x00000000d6380000)
  to   space 2048K, 0% used [0x00000000d6600000,0x00000000d6600000,0x00000000d6800000)
 ParOldGen       total 91648K, used 91247K [0x0000000080000000, 0x0000000085980000, 0x00000000d5580000)
  object space 91648K, 99% used [0x0000000080000000,0x000000008591bf00,0x0000000085980000)
 Metaspace       used 85494K, committed 87232K, reserved 1179648K
  class space    used 10272K, committed 11072K, reserved 1048576K
}
Event: 153.891 GC heap before
{Heap before GC invocations=179 (full 3):
 PSYoungGen      total 14336K, used 14176K [0x00000000d5580000, 0x00000000d6800000, 0x0000000100000000)
  eden space 13824K, 100% used [0x00000000d5580000,0x00000000d6300000,0x00000000d6300000)
  from space 512K, 68% used [0x00000000d6300000,0x00000000d6358020,0x00000000d6380000)
  to   space 2048K, 0% used [0x00000000d6600000,0x00000000d6600000,0x00000000d6800000)
 ParOldGen       total 91648K, used 91247K [0x0000000080000000, 0x0000000085980000, 0x00000000d5580000)
  object space 91648K, 99% used [0x0000000080000000,0x000000008591bf00,0x0000000085980000)
 Metaspace       used 85717K, committed 87488K, reserved 1179648K
  class space    used 10282K, committed 11072K, reserved 1048576K
}
Event: 153.894 GC heap after
{Heap after GC invocations=179 (full 3):
 PSYoungGen      total 15360K, used 1418K [0x00000000d5580000, 0x00000000d6780000, 0x0000000100000000)
  eden space 13824K, 0% used [0x00000000d5580000,0x00000000d5580000,0x00000000d6300000)
  from space 1536K, 92% used [0x00000000d6600000,0x00000000d6762b80,0x00000000d6780000)
  to   space 2048K, 0% used [0x00000000d6380000,0x00000000d6380000,0x00000000d6580000)
 ParOldGen       total 91648K, used 91430K [0x0000000080000000, 0x0000000085980000, 0x00000000d5580000)
  object space 91648K, 99% used [0x0000000080000000,0x0000000085949960,0x0000000085980000)
 Metaspace       used 85717K, committed 87488K, reserved 1179648K
  class space    used 10282K, committed 11072K, reserved 1048576K
}

